<?xml version="1.0" encoding="UTF-8"?>
<testsuite name="com.bookshuffle.BookShuffleApplicationTests" tests="1" skipped="0" failures="0" errors="0" timestamp="2026-05-28T06:19:52.094Z" hostname="Gae-MacBook-Pro.local" time="2.291">
  <properties/>
  <testcase name="user_book_connect_test()" classname="com.bookshuffle.BookShuffleApplicationTests" time="0.39"/>
  <system-out><![CDATA[15:19:52.163 [Test worker] INFO org.springframework.test.context.support.AnnotationConfigContextLoaderUtils -- Could not detect default configuration classes for test class [com.bookshuffle.BookShuffleApplicationTests]: BookShuffleApplicationTests does not declare any static, non-private, non-final, nested classes annotated with @Configuration.
15:19:52.212 [Test worker] INFO org.springframework.boot.test.context.SpringBootTestContextBootstrapper -- Found @SpringBootConfiguration com.bookshuffle.BookShuffleApplication for test class com.bookshuffle.BookShuffleApplicationTests
15:19:52.247 [Test worker] INFO org.springframework.test.context.support.AnnotationConfigContextLoaderUtils -- Could not detect default configuration classes for test class [com.bookshuffle.BookShuffleApplicationTests]: BookShuffleApplicationTests does not declare any static, non-private, non-final, nested classes annotated with @Configuration.
15:19:52.249 [Test worker] INFO org.springframework.boot.test.context.SpringBootTestContextBootstrapper -- Found @SpringBootConfiguration com.bookshuffle.BookShuffleApplication for test class com.bookshuffle.BookShuffleApplicationTests

  .   ____          _            __ _ _
 /\\ / ___'_ __ _ _(_)_ __  __ _ \ \ \ \
( ( )\___ | '_ | '_| | '_ \/ _` | \ \ \ \
 \\/  ___)| |_)| | | | | || (_| |  ) ) ) )
  '  |____| .__|_| |_|_| |_\__, | / / / /
 =========|_|==============|___/=/_/_/_/

 :: Spring Boot ::                (v4.0.6)

2026-05-28T15:19:52.406+09:00  INFO 25282 --- [    Test worker] c.b.BookShuffleApplicationTests          : Starting BookShuffleApplicationTests using Java 21.0.10 with PID 25282 (started by gae in /Users/gae/book-shuffle)
2026-05-28T15:19:52.407+09:00  INFO 25282 --- [    Test worker] c.b.BookShuffleApplicationTests          : No active profile set, falling back to 1 default profile: "default"
2026-05-28T15:19:52.704+09:00  INFO 25282 --- [    Test worker] .s.d.r.c.RepositoryConfigurationDelegate : Bootstrapping Spring Data JPA repositories in DEFAULT mode.
2026-05-28T15:19:52.728+09:00  INFO 25282 --- [    Test worker] .s.d.r.c.RepositoryConfigurationDelegate : Finished Spring Data repository scanning in 20 ms. Found 2 JPA repository interfaces.
2026-05-28T15:19:52.884+09:00  INFO 25282 --- [    Test worker] org.hibernate.orm.jpa                    : HHH008540: Processing PersistenceUnitInfo [name: default]
2026-05-28T15:19:52.911+09:00  INFO 25282 --- [    Test worker] org.hibernate.orm.core                   : HHH000001: Hibernate ORM core version 7.2.12.Final
2026-05-28T15:19:53.100+09:00  INFO 25282 --- [    Test worker] o.s.o.j.p.SpringPersistenceUnitInfo      : No LoadTimeWeaver setup: ignoring JPA class transformer
2026-05-28T15:19:53.114+09:00  INFO 25282 --- [    Test worker] com.zaxxer.hikari.HikariDataSource       : HikariPool-1 - Starting...
2026-05-28T15:19:53.191+09:00  INFO 25282 --- [    Test worker] com.zaxxer.hikari.pool.HikariPool        : HikariPool-1 - Added connection com.mysql.cj.jdbc.ConnectionImpl@2e057637
2026-05-28T15:19:53.191+09:00  INFO 25282 --- [    Test worker] com.zaxxer.hikari.HikariDataSource       : HikariPool-1 - Start completed.
2026-05-28T15:19:53.232+09:00  INFO 25282 --- [    Test worker] org.hibernate.orm.connections.pooling    : HHH10001005: Database info:
	Database JDBC URL [jdbc:mysql://localhost:3306/bookshuffle?useSSL=false&serverTimezone=UTC&characterEncoding=UTF-8]
	Database driver: MySQL Connector/J
	Database dialect: MySQLDialect
	Database version: 9.6
	Default catalog/schema: bookshuffle/undefined
	Autocommit mode: undefined/unknown
	Isolation level: REPEATABLE_READ [default REPEATABLE_READ]
	JDBC fetch size: none
	Pool: DataSourceConnectionProvider
	Minimum pool size: undefined/unknown
	Maximum pool size: undefined/unknown
2026-05-28T15:19:53.630+09:00  INFO 25282 --- [    Test worker] org.hibernate.orm.core                   : HHH000489: No JTA platform available (set 'hibernate.transaction.jta.platform' to enable JTA platform integration)
2026-05-28T15:19:53.672+09:00  INFO 25282 --- [    Test worker] j.LocalContainerEntityManagerFactoryBean : Initialized JPA EntityManagerFactory for persistence unit 'default'
2026-05-28T15:19:53.708+09:00  INFO 25282 --- [    Test worker] o.s.d.j.r.query.QueryEnhancerFactories   : Hibernate is in classpath; If applicable, HQL parser will be used.
2026-05-28T15:19:53.812+09:00  WARN 25282 --- [    Test worker] JpaBaseConfiguration$JpaWebConfiguration : spring.jpa.open-in-view is enabled by default. Therefore, database queries may be performed during view rendering. Explicitly configure spring.jpa.open-in-view to disable this warning
2026-05-28T15:19:53.988+09:00  INFO 25282 --- [    Test worker] c.b.BookShuffleApplicationTests          : Started BookShuffleApplicationTests in 1.708 seconds (process running for 2.291)
Hibernate: 
    insert 
    into
        book
        (author, isbn, title, user_id) 
    values
        (?, ?, ?, ?)
]]></system-out>
  <system-err><![CDATA[Mockito is currently self-attaching to enable the inline-mock-maker. This will no longer work in future releases of the JDK. Please add Mockito as an agent to your build as described in Mockito's documentation: https://javadoc.io/doc/org.mockito/mockito-core/latest/org.mockito/org/mockito/Mockito.html#0.3
WARNING: A Java agent has been loaded dynamically (/Users/gae/.gradle/caches/modules-2/files-2.1/net.bytebuddy/byte-buddy-agent/1.17.8/f09415827a71be7ed621c7bd02550678f28bc81c/byte-buddy-agent-1.17.8.jar)
WARNING: If a serviceability tool is in use, please run with -XX:+EnableDynamicAgentLoading to hide this warning
WARNING: If a serviceability tool is not in use, please run with -Djdk.instrument.traceUsage for more information
WARNING: Dynamic loading of agents will be disallowed by default in a future release
]]></system-err>
</testsuite>
